<?xml version="1.0" encoding="UTF-8"?>
<!-- Generated by org.testng.reporters.JUnitReportReporter -->
<testsuite hostname="hp" failures="0" tests="3" name="com.bridgelabz.WebinarDataProvider" time="6.726" errors="0" timestamp="2023-03-04T11:57:49 IST" skipped="0">
  <testcase classname="com.bridgelabz.WebinarDataProvider" name="webinarAutoFill" time="3.093"/>
  <system-out/>
  <testcase classname="com.bridgelabz.WebinarDataProvider" name="webinarAutoFill" time="1.810"/>
  <system-out/>
  <testcase classname="com.bridgelabz.WebinarDataProvider" name="webinarAutoFill" time="1.823"/>
  <system-out/>
</testsuite> <!-- com.bridgelabz.WebinarDataProvider -->
