<?xml version="1.0" encoding="UTF-8"?>
<!-- Generated by org.testng.reporters.JUnitReportReporter -->
<testsuite hostname="hp" failures="0" tests="1" name="com.bridgelabz.LinkedIn_Robot" time="16.349" errors="0" timestamp="2023-03-04T11:57:49 IST" skipped="0">
  <testcase classname="com.bridgelabz.LinkedIn_Robot" name="robot_LinkedIn_Login" time="16.349"/>
  <system-out/>
</testsuite> <!-- com.bridgelabz.LinkedIn_Robot -->
