<?xml version="1.0" encoding="UTF-8"?>
<!-- Generated by org.testng.reporters.JUnitReportReporter -->
<testsuite hostname="hp" failures="0" tests="1" name="com.bridgelabz.FacebookLogin" time="5.567" errors="0" timestamp="2023-03-04T11:57:49 IST" skipped="0">
  <testcase classname="com.bridgelabz.FacebookLogin" name="login" time="5.567"/>
  <system-out/>
</testsuite> <!-- com.bridgelabz.FacebookLogin -->
